<?xml version="1.0" encoding="UTF-8"?>
<!-- Generated by org.testng.reporters.JUnitReportReporter -->
<testsuite hostname="LAPTOP-INLFG8G0" failures="0" tests="4" name="package1.class5" time="0.004" errors="0" timestamp="2022-05-22T20:59:08 IST" skipped="0">
  <testcase classname="package1.class5" name="method3" time="0.001"/>
  <system-out/>
  <testcase classname="package1.class5" name="method2" time="0.001"/>
  <system-out/>
  <testcase classname="package1.class5" name="method1" time="0.001"/>
  <system-out/>
  <testcase classname="package1.class5" name="method4" time="0.001"/>
  <system-out/>
</testsuite> <!-- package1.class5 -->
