<?xml version="1.0" encoding="UTF-8"?>
<!-- Generated by org.testng.reporters.JUnitReportReporter -->
<testsuite hostname="LAPTOP-INLFG8G0" failures="0" tests="4" name="package1.class1" time="0.019" errors="0" timestamp="2022-06-05T15:02:43 IST" skipped="0">
  <testcase classname="package1.class1" name="method3" time="0.002"/>
  <system-out/>
  <testcase classname="package1.class1" name="method2" time="0.002"/>
  <system-out/>
  <testcase classname="package1.class1" name="method4" time="0.001"/>
  <system-out/>
  <testcase classname="package1.class1" name="method1" time="0.014"/>
  <system-out/>
</testsuite> <!-- package1.class1 -->
